<?xml version="1.0" encoding="UTF-8"?>
<!-- Generated by org.testng.reporters.JUnitXMLReporter -->
<testsuite ignored="1" hostname="MININT-O682134" failures="0" tests="1" name="Default test" time="29.954" errors="0" timestamp="2022-06-22T00:16:04 IST">
  <testcase classname="Testcases.US_21_ProfessionalUser" name="CheckContactUsDetailsFunctionality" time="16.823"/>
  <testcase classname="Testcases.US_21_ProfessionalUser" name="AddContactUsDetailsFunctionality" time="0.0">
    <ignored/>
  </testcase> <!-- AddContactUsDetailsFunctionality -->
</testsuite> <!-- Default test -->
