<?xml version="1.0" encoding="UTF-8"?>
<testng-results ignored="1" total="2" passed="1" failed="0" skipped="0">
  <reporter-output>
  </reporter-output>
  <suite started-at="2022-06-22T00:15:34 IST" name="Default suite" finished-at="2022-06-22T00:16:04 IST" duration-ms="29954">
    <groups>
    </groups>
    <test started-at="2022-06-22T00:15:34 IST" name="Default test" finished-at="2022-06-22T00:16:04 IST" duration-ms="29954">
      <class name="Testcases.US_21_ProfessionalUser">
        <test-method is-config="true" signature="setUp()[pri:0, instance:Testcases.US_21_ProfessionalUser@6e509ffa]" started-at="2022-06-22T00:15:34 IST" name="setUp" finished-at="2022-06-22T00:15:46 IST" duration-ms="12172" status="PASS">
          <reporter-output>
          </reporter-output>
        </test-method> <!-- setUp -->
        <test-method is-config="true" signature="checkaddgoal()[pri:0, instance:Testcases.US_21_ProfessionalUser@6e509ffa]" started-at="2022-06-22T00:15:46 IST" name="checkaddgoal" finished-at="2022-06-22T00:15:47 IST" depends-on-methods="BaseClass.BaseClass.setUp" duration-ms="904" status="PASS">
          <reporter-output>
          </reporter-output>
        </test-method> <!-- checkaddgoal -->
        <test-method signature="CheckContactUsDetailsFunctionality()[pri:0, instance:Testcases.US_21_ProfessionalUser@6e509ffa]" started-at="2022-06-22T00:15:47 IST" name="CheckContactUsDetailsFunctionality" finished-at="2022-06-22T00:16:04 IST" duration-ms="16823" status="PASS">
          <reporter-output>
          </reporter-output>
        </test-method> <!-- CheckContactUsDetailsFunctionality -->
        <test-method is-config="true" signature="tearDown()[pri:0, instance:Testcases.US_21_ProfessionalUser@6e509ffa]" started-at="2022-06-22T00:16:04 IST" name="tearDown" finished-at="2022-06-22T00:16:04 IST" duration-ms="0" status="PASS">
          <reporter-output>
          </reporter-output>
        </test-method> <!-- tearDown -->
      </class> <!-- Testcases.US_21_ProfessionalUser -->
    </test> <!-- Default test -->
  </suite> <!-- Default suite -->
</testng-results>
