<?xml version="1.0" encoding="UTF-8"?>
<testng-results ignored="0" total="1" passed="0" failed="1" skipped="0">
  <reporter-output>
  </reporter-output>
  <suite started-at="2022-06-02T19:43:38 IST" name="Default suite" finished-at="2022-06-02T19:44:13 IST" duration-ms="34632">
    <groups>
    </groups>
    <test started-at="2022-06-02T19:43:38 IST" name="Default test" finished-at="2022-06-02T19:44:13 IST" duration-ms="34632">
      <class name="Testcases.US_141_SurveyQuestionsView">
        <test-method is-config="true" signature="setUp()[pri:0, instance:Testcases.US_141_SurveyQuestionsView@3c0be339]" started-at="2022-06-02T19:43:38 IST" name="setUp" finished-at="2022-06-02T19:43:54 IST" duration-ms="15197" status="PASS">
          <reporter-output>
          </reporter-output>
        </test-method> <!-- setUp -->
        <test-method is-config="true" signature="check1()[pri:0, instance:Testcases.US_141_SurveyQuestionsView@3c0be339]" started-at="2022-06-02T19:43:54 IST" name="check1" finished-at="2022-06-02T19:43:55 IST" depends-on-methods="BaseClass.BaseClass.setUp" duration-ms="883" status="PASS">
          <reporter-output>
          </reporter-output>
        </test-method> <!-- check1 -->
        <test-method signature="US_141_SurveyQuestionsViewFunctionality()[pri:0, instance:Testcases.US_141_SurveyQuestionsView@3c0be339]" started-at="2022-06-02T19:43:55 IST" name="US_141_SurveyQuestionsViewFunctionality" finished-at="2022-06-02T19:44:13 IST" duration-ms="18497" status="FAIL">
          <exception class="java.lang.ClassCastException">
            <message>
              <![CDATA[class org.openqa.selenium.remote.RemoteWebElement cannot be cast to class java.util.Collection (org.openqa.selenium.remote.RemoteWebElement is in unnamed module of loader 'app'; java.util.Collection is in module java.base of loader 'bootstrap')]]>
            </message>
            <full-stacktrace>
              <![CDATA[java.lang.ClassCastException: class org.openqa.selenium.remote.RemoteWebElement cannot be cast to class java.util.Collection (org.openqa.selenium.remote.RemoteWebElement is in unnamed module of loader 'app'; java.util.Collection is in module java.base of loader 'bootstrap')
at Testcases.US_141_SurveyQuestionsView.US_141_SurveyQuestionsViewFunctionality(US_141_SurveyQuestionsView.java:63)
at java.base/jdk.internal.reflect.NativeMethodAccessorImpl.invoke0(Native Method)
at java.base/jdk.internal.reflect.NativeMethodAccessorImpl.invoke(NativeMethodAccessorImpl.java:77)
at java.base/jdk.internal.reflect.DelegatingMethodAccessorImpl.invoke(DelegatingMethodAccessorImpl.java:43)
at java.base/java.lang.reflect.Method.invoke(Method.java:568)
at org.testng.internal.MethodInvocationHelper.invokeMethod(MethodInvocationHelper.java:134)
at org.testng.internal.TestInvoker.invokeMethod(TestInvoker.java:597)
at org.testng.internal.TestInvoker.invokeTestMethod(TestInvoker.java:173)
at org.testng.internal.MethodRunner.runInSequence(MethodRunner.java:46)
at org.testng.internal.TestInvoker$MethodInvocationAgent.invoke(TestInvoker.java:816)
at org.testng.internal.TestInvoker.invokeTestMethods(TestInvoker.java:146)
at org.testng.internal.TestMethodWorker.invokeTestMethods(TestMethodWorker.java:146)
at org.testng.internal.TestMethodWorker.run(TestMethodWorker.java:128)
at java.base/java.util.ArrayList.forEach(ArrayList.java:1511)
at org.testng.TestRunner.privateRun(TestRunner.java:766)
at org.testng.TestRunner.run(TestRunner.java:587)
at org.testng.SuiteRunner.runTest(SuiteRunner.java:384)
at org.testng.SuiteRunner.runSequentially(SuiteRunner.java:378)
at org.testng.SuiteRunner.privateRun(SuiteRunner.java:337)
at org.testng.SuiteRunner.run(SuiteRunner.java:286)
at org.testng.SuiteRunnerWorker.runSuite(SuiteRunnerWorker.java:53)
at org.testng.SuiteRunnerWorker.run(SuiteRunnerWorker.java:96)
at org.testng.TestNG.runSuitesSequentially(TestNG.java:1187)
at org.testng.TestNG.runSuitesLocally(TestNG.java:1109)
at org.testng.TestNG.runSuites(TestNG.java:1039)
at org.testng.TestNG.run(TestNG.java:1007)
at org.testng.remote.AbstractRemoteTestNG.run(AbstractRemoteTestNG.java:115)
at org.testng.remote.RemoteTestNG.initAndRun(RemoteTestNG.java:251)
at org.testng.remote.RemoteTestNG.main(RemoteTestNG.java:77)
]]>
            </full-stacktrace>
          </exception> <!-- java.lang.ClassCastException -->
          <reporter-output>
          </reporter-output>
        </test-method> <!-- US_141_SurveyQuestionsViewFunctionality -->
        <test-method is-config="true" signature="tearDown()[pri:0, instance:Testcases.US_141_SurveyQuestionsView@3c0be339]" started-at="2022-06-02T19:44:13 IST" name="tearDown" finished-at="2022-06-02T19:44:13 IST" duration-ms="1" status="PASS">
          <reporter-output>
          </reporter-output>
        </test-method> <!-- tearDown -->
      </class> <!-- Testcases.US_141_SurveyQuestionsView -->
    </test> <!-- Default test -->
  </suite> <!-- Default suite -->
</testng-results>
